build/app/outputs/mapping/release/mapping.txt
# compiler: R8
# compiler_version: 1.5.69
# min_api: 16
# pg_map_id: 47a3396
com.fitamonfuria.titamon_furia.MainActivity -> com.fitamonfuria.titamon_furia.MainActivity:
    void configureFlutterEngine(io.flutter.embedding.engine.FlutterEngine) -> b
...
com.google.firebase.firestore.remote.WatchChange$WatchTargetChange -> com.google.firebase.firestore.t0.n0$d:
    java.util.List targetIds -> b
    com.google.firebase.firestore.remote.WatchChange$WatchTargetChangeType changeType -> a
    com.google.protobuf.ByteString resumeToken -> c
    io.grpc.Status cause -> d
    io.grpc.Status getCause() -> a
    com.google.firebase.firestore.remote.WatchChange$WatchTargetChangeType getChangeType() -> b
    com.google.protobuf.ByteString getResumeToken() -> c
    java.util.List getTargetIds() -> d
com.google.firebase.firestore.remote.WatchChange$WatchTargetChangeType -> com.google.firebase.firestore.t0.n0$e:
    com.google.firebase.firestore.remote.WatchChange$WatchTargetChangeType Removed -> c
    com.google.firebase.firestore.remote.WatchChange$WatchTargetChangeType Added -> b
    com.google.firebase.firestore.remote.WatchChange$WatchTargetChangeType NoChange -> a
    com.google.firebase.firestore.remote.WatchChange$WatchTargetChangeType Reset -> e
    com.google.firebase.firestore.remote.WatchChange$WatchTargetChangeType Current -> d
    com.google.firebase.firestore.remote.WatchChange$WatchTargetChangeType[] $VALUES -> f
com.google.firebase.firestore.remote.WatchChangeAggregator -> com.google.firebase.firestore.t0.o0:
    java.util.Map targetStates -> b
    java.util.Map pendingDocumentUpdates -> c
    java.util.Map pendingDocumentTargetMapping -> d
    java.util.Set pendingTargetResets -> e
    com.google.firebase.firestore.remote.WatchChangeAggregator$TargetMetadataProvider targetMetadataProvider -> a
    void addDocumentToTarget(int,com.google.firebase.firestore.model.MaybeDocument) -> a
    com.google.firebase.firestore.remote.RemoteEvent createRemoteEvent(com.google.firebase.firestore.model.SnapshotVersion) -> a
    java.util.Set ensureDocumentTargetMapping(com.google.firebase.firestore.model.DocumentKey) -> a
    void handleDocumentChange(com.google.firebase.firestore.remote.WatchChange$DocumentChange) -> a
    void handleExistenceFilter(com.google.firebase.firestore.remote.WatchChange$ExistenceFilterWatchChange) -> a
    void handleTargetChange(com.google.firebase.firestore.remote.WatchChange$WatchTargetChange) -> a
    void recordPendingTargetRequest(int) -> a
    void removeDocumentFromTarget(int,com.google.firebase.firestore.model.DocumentKey,com.google.firebase.firestore.model.MaybeDocument) -> a
    boolean targetContainsDocument(int,com.google.firebase.firestore.model.DocumentKey) -> a
    java.util.Collection getTargetIds(com.google.firebase.firestore.remote.WatchChange$WatchTargetChange) -> b
    void removeTarget(int) -> b
com.google.firebase.firestore.remote.WatchChangeAggregator$1 -> com.google.firebase.firestore.t0.o0$a:
    int[] $SwitchMap$com$google$firebase$firestore$remote$WatchChange$WatchTargetChangeType -> a
com.google.firebase.firestore.remote.WatchChangeAggregator$TargetMetadataProvider -> com.google.firebase.firestore.t0.o0$b:
    com.google.firebase.database.collection.ImmutableSortedSet getRemoteKeysForTarget(int) -> a
    com.google.firebase.firestore.local.QueryData getQueryDataForTarget(int) -> b
com.google.firebase.firestore.remote.WatchStream -> com.google.firebase.firestore.t0.p0:
    com.google.protobuf.ByteString EMPTY_RESUME_TOKEN -> p
    com.google.firebase.firestore.remote.RemoteSerializer serializer -> o
    void onNext(com.google.firestore.v1.ListenResponse) -> a
    void onNext(java.lang.Object) -> a
    void unwatchTarget(int) -> a
    void watchQuery(com.google.firebase.firestore.local.QueryData) -> a
    boolean isOpen() -> b
    boolean isStarted() -> c
    void start() -> e
    void stop() -> f
com.google.firebase.firestore.remote.WatchStream$Callback -> com.google.firebase.firestore.t0.p0$a:
    void onWatchChange(com.google.firebase.firestore.model.SnapshotVersion,com.google.firebase.firestore.remote.WatchChange) -> a